<?xml version="1.0" encoding="UTF-8"?>
<!-- Generated by org.testng.reporters.JUnitXMLReporter -->
<testsuite ignored="0" hostname="VishwanathYadav" failures="0" tests="4" name="Default test" time="0.672" errors="0" timestamp="2024-03-06T00:10:24 IST">
  <testcase classname="Data_Provider.Dataprovider" name="readtestdata" time="0.013"/>
  <testcase classname="Data_Provider.Dataprovider" name="readtestdata" time="0.002"/>
  <testcase classname="Data_Provider.Dataprovider" name="readtestdata" time="0.001"/>
  <testcase classname="Data_Provider.Dataprovider" name="readtestdata" time="0.001"/>
</testsuite> <!-- Default test -->
