<?xml version="1.0" encoding="UTF-8"?>
<!-- Generated by org.testng.reporters.JUnitXMLReporter -->
<testsuite ignored="0" hostname="VishwanathYadav" failures="0" tests="4" name="Test" time="0.635" errors="0" timestamp="2024-03-06T00:28:23 IST">
  <testcase classname="Data_Provider.Dataprovider" name="readtestdata" time="0.008"/>
  <testcase classname="Data_Provider.Dataprovider" name="readtestdata" time="0.001"/>
  <testcase classname="Data_Provider.Dataprovider" name="readtestdata" time="0.001"/>
  <testcase classname="Data_Provider.Dataprovider" name="readtestdata" time="0.004"/>
</testsuite> <!-- Test -->
